\BOOKMARK [1][-]{section.1}{\376\377\000E\000x\000e\000r\000c\000i\000s\000e\000\040\0001}{}% 1
\BOOKMARK [1][-]{section.2}{\376\377\000E\000x\000e\000r\000c\000i\000s\000e\000\040\0002}{}% 2
\BOOKMARK [1][-]{section.3}{\376\377\000E\000x\000e\000r\000c\000i\000s\000e\000\040\0003}{}% 3
\BOOKMARK [1][-]{section.4}{\376\377\000E\000x\000e\000r\000c\000i\000s\000e\000\040\0004}{}% 4
\BOOKMARK [2][-]{subsection.4.1}{\376\377\000L\000e\000t\000\040\000u\000s\000\040\000f\000i\000n\000d\000\040\000t\000h\000e\000\040\000P\000D\000F\000\040\000f\000\040\000o\000f\000\040\000X}{section.4}% 5
\BOOKMARK [2][-]{subsection.4.2}{\376\377\000L\000e\000t\000\040\000u\000s\000\040\000f\000i\000n\000d\000\040\000P\000\050\000[\0000\000.\0002\000\040\000;\0000\000.\0004\000[\000[\0000\000.\0007\000;\0000\000.\0008\0005\000[\000\051}{section.4}% 6
\BOOKMARK [1][-]{section.5}{\376\377\000E\000x\000e\000r\000c\000i\000s\000e\000\040\0005}{}% 7
\BOOKMARK [2][-]{subsection.5.1}{\376\377\000T\000h\000e\000\040\000g\000r\000a\000p\000h\000\040\000o\000f\000\040\000F}{section.5}% 8
\BOOKMARK [2][-]{subsection.5.2}{\376\377\000L\000e\000t\000'\000s\000\040\000c\000o\000m\000p\000u\000t\000e\000\040\000t\000h\000e\000\040\000f\000o\000l\000l\000o\000w\000i\000n\000g\000\040\000p\000r\000o\000b\000a\000b\000i\000l\000i\000t\000i\000e\000s}{section.5}% 9
\BOOKMARK [1][-]{section.6}{\376\377\000E\000x\000e\000r\000c\000i\000s\000e\000\040\0006}{}% 10
\BOOKMARK [1][-]{section.7}{\376\377\000E\000x\000e\000r\000c\000i\000s\000e\000\040\0007}{}% 11
\BOOKMARK [1][-]{section.8}{\376\377\000E\000x\000e\000r\000c\000i\000s\000e\000\040\0008}{}% 12
\BOOKMARK [1][-]{section.9}{\376\377\000E\000x\000e\000r\000c\000i\000s\000e\000\040\0009}{}% 13
\BOOKMARK [2][-]{subsection.9.1}{\376\377\000a\000\051\000\040\000L\000e\000t\000\040\000u\000s\000\040\000f\000i\000n\000d\000\040\000E\000\050\000X\000\051\000\040\000\040\000i\000f\000\040\000\040\000p\000\050\0000\000\051\000=\0001\0004}{section.9}% 14
\BOOKMARK [2][-]{subsection.9.2}{\376\377\000a\000\051\000\040\000L\000e\000t\000\040\000u\000s\000\040\000f\000i\000n\000d\000\040\000p\000\050\000-\0001\000\051\000\040\000a\000n\000d\000\040\000\040\000p\000\050\0001\000\051\000\040\000\040\000i\000f\000\040\000\040\000p\000\050\0000\000\051\000=\0001\0004\000\040\000\040\000a\000n\000d\000\040\000i\000f\000\040\000\040\000E\000\050\000X\000\051\000=\000\040\0001}{section.9}% 15
\BOOKMARK [1][-]{section.10}{\376\377\000E\000x\000e\000r\000c\000i\000s\000e\000\040\0001\0000}{}% 16
\BOOKMARK [1][-]{section.11}{\376\377\000E\000x\000e\000r\000c\000i\000s\000e\000\040\0001\0001}{}% 17
\BOOKMARK [1][-]{section.12}{\376\377\000E\000x\000e\000r\000c\000i\000s\000e\000\040\0001\0002}{}% 18
\BOOKMARK [2][-]{subsection.12.1}{\376\377\000L\000e\000t\000\040\000u\000s\000\040\000s\000h\000o\000w\000\040\000t\000h\000a\000t\000\040\000M\000X\000\050\000t\000\051\000=\000e\003\273\000\050\000e\000t\000-\0001\000\051\000\040\000\040\000t\000\040\000R}{section.12}% 19
\BOOKMARK [2][-]{subsection.12.2}{\376\377\000L\000e\000t\000\040\000u\000s\000\040\000f\000i\000n\000d\000\040\000i\000t\000'\000s\000\040\000m\000e\000a\000n\000\040\000a\000n\000d\000\040\000v\000a\000r\000i\000a\000n\000c\000e}{section.12}% 20
\BOOKMARK [1][-]{section.13}{\376\377\000E\000x\000e\000r\000c\000i\000s\000e\000\040\0001\0003}{}% 21
\BOOKMARK [2][-]{subsection.13.1}{\376\377\000L\000e\000t\000\040\000u\000s\000\040\000s\000h\000o\000w\000\040\000t\000h\000a\000t\000\040\000M\000X\000\050\000t\000\051\000=\0001\000\050\0001\000-\003\262\000t\000\051\003\261\000\040\000i\000f\000\040\000t\000>\0001\003\262}{section.13}% 22
\BOOKMARK [2][-]{subsection.13.2}{\376\377\000M\000e\000a\000n\000\040\000a\000n\000d\000\040\000v\000a\000r\000i\000a\000n\000c\000e\000\040\000o\000f\000\040\000G\000a\000m\000m\000a\000\040\000d\000i\000s\000t\000r\000i\000b\000u\000t\000i\000o\000n}{section.13}% 23
\BOOKMARK [1][-]{section.14}{\376\377\000E\000x\000e\000r\000c\000i\000s\000e\000\040\0001\0004}{}% 24
